C:\Users\Mike\Documents\Game Engine Design\ScriptingCore\Debug\ScriptingCore.pdb
C:\Users\Mike\Documents\Game Engine Design\ScriptingCore\ScriptingCore\Debug\cl.command.1.tlog
C:\Users\Mike\Documents\Game Engine Design\ScriptingCore\ScriptingCore\Debug\CL.read.1.tlog
C:\Users\Mike\Documents\Game Engine Design\ScriptingCore\ScriptingCore\Debug\CL.write.1.tlog
C:\Users\Mike\Documents\Game Engine Design\ScriptingCore\ScriptingCore\Debug\link.command.1.tlog
C:\Users\Mike\Documents\Game Engine Design\ScriptingCore\ScriptingCore\Debug\link.read.1.tlog
C:\Users\Mike\Documents\Game Engine Design\ScriptingCore\ScriptingCore\Debug\link.write.1.tlog
C:\Users\Mike\Documents\Game Engine Design\ScriptingCore\ScriptingCore\Debug\link-cvtres.read.1.tlog
C:\Users\Mike\Documents\Game Engine Design\ScriptingCore\ScriptingCore\Debug\link-cvtres.write.1.tlog
C:\Users\Mike\Documents\Game Engine Design\ScriptingCore\ScriptingCore\Debug\rc.command.1.tlog
C:\Users\Mike\Documents\Game Engine Design\ScriptingCore\ScriptingCore\Debug\rc.read.1.tlog
C:\Users\Mike\Documents\Game Engine Design\ScriptingCore\ScriptingCore\Debug\rc.write.1.tlog
C:\USERS\MIKE\DOCUMENTS\GAME ENGINE DESIGN\SCRIPTINGCORE\SCRIPTINGCORE\DEBUG\SCRIPT.OBJ
C:\Users\Mike\Documents\Game Engine Design\ScriptingCore\ScriptingCore\Debug\ScriptingCore.exe.embed.manifest
C:\USERS\MIKE\DOCUMENTS\GAME ENGINE DESIGN\SCRIPTINGCORE\SCRIPTINGCORE\DEBUG\SCRIPTINGCORE.EXE.EMBED.MANIFEST.RES
C:\Users\Mike\Documents\Game Engine Design\ScriptingCore\ScriptingCore\Debug\ScriptingCore.exe.intermediate.manifest
C:\USERS\MIKE\DOCUMENTS\GAME ENGINE DESIGN\SCRIPTINGCORE\SCRIPTINGCORE\DEBUG\SCRIPTINGCORE.OBJ
C:\Users\Mike\Documents\Game Engine Design\ScriptingCore\ScriptingCore\Debug\ScriptingCore_manifest.rc
C:\USERS\MIKE\DOCUMENTS\GAME ENGINE DESIGN\SCRIPTINGCORE\SCRIPTINGCORE\DEBUG\STDAFX.OBJ
C:\Users\Mike\Documents\Game Engine Design\ScriptingCore\ScriptingCore\Debug\vc100.idb
C:\USERS\MIKE\DOCUMENTS\GAME ENGINE DESIGN\SCRIPTINGCORE\SCRIPTINGCORE\DEBUG\VC100.PDB
